2023-06-07 09:06:42 [INFO] 초기화 필터 생성
2023-06-07 09:07:22 [INFO] 로그아웃 수행됨
2023-06-07 09:07:40 [INFO] 로그아웃 수행됨
2023-06-07 09:07:45 [DEBUG] password999! / $2a$10$tMEEMvw8ukcKGuMyg1jWfuJQFO66lXIKJFt1dHE.J8.shE8duqUp2
2023-06-07 09:07:45 [INFO] 구구맨 로그인 성공
2023-06-07 09:07:51 [INFO] 로그아웃 수행됨
2023-06-07 09:07:52 [DEBUG] password999! / $2a$10$9jI6dRKA6/tyLSC9QnfG2.jJQ5shlt7CSYzEvW1HzNCX7cTy/HC2K
2023-06-07 09:07:52 [INFO] 구구맨 로그인 성공
2023-06-07 09:11:57 [INFO] 초기화 필터 파괴
2023-06-07 09:12:04 [INFO] 초기화 필터 생성
2023-06-07 09:12:18 [DEBUG] password999! / $2a$10$ehJYA10/3c3Kuuwpivhxcuzsz1iJtUw8bF6WOkhhgD4bA6ZMulNLK
2023-06-07 09:12:18 [INFO] 일일맨 로그인 성공
2023-06-07 09:12:24 [DEBUG] password999! / $2a$10$mte3V/Q3AfJU5y19i7WMw.kH16jPpI6QrjePrm6mGRvSKxv9jc8n2
2023-06-07 09:12:24 [INFO] 구구맨 로그인 성공
2023-06-07 09:12:25 [DEBUG] password999! / $2a$10$f/h5IewtWR1140/Z3m.cnuVevOFdkop/r35T6HfABCYuZvxGcJILG
2023-06-07 09:12:25 [INFO] 일일맨 로그인 성공
2023-06-07 09:12:26 [DEBUG] password999! / $2a$10$8VZu2plcXV.QaNYaisEgpeArLOsbPu7AgOqoPWRrq0rEqJVtrhBiK
2023-06-07 09:12:26 [INFO] 구구맨 로그인 성공
2023-06-07 09:12:28 [DEBUG] password999! / $2a$10$xyPghlrBEC2isU1/SSNOH.34xzUTUuqQEfSxkvy/qlsZeuKXkHsve
2023-06-07 09:12:28 [INFO] 일일맨 로그인 성공
2023-06-07 09:20:46 [DEBUG] password999! / $2a$10$CDIX.eW9ANmYM4H1vGU6s.RWHL0EzBRkxiToL7vhf7xtCk2jBUoFO
2023-06-07 09:20:46 [INFO] 일일맨 로그인 성공
2023-06-07 09:20:47 [DEBUG] password999! / $2a$10$lk36kY59z2l6grjKeFy1f.N.0Ui.7/HvwM6VeaH2nA3Lc9cSRT5xW
2023-06-07 09:20:47 [INFO] 구구맨 로그인 성공
2023-06-07 09:20:48 [DEBUG] password999! / $2a$10$Jdo1Sw4j04kARGc5tApaLuzbNWcJnraWrjn1lBswZJmC4iiyghVXu
2023-06-07 09:20:48 [INFO] 일일맨 로그인 성공
2023-06-07 09:20:50 [INFO] projectNo : 1
2023-06-07 09:22:23 [INFO] projectNo : 1
2023-06-07 09:22:27 [INFO] projectNo : 1
2023-06-07 09:22:43 [INFO] 초기화 필터 생성
2023-06-07 09:22:52 [DEBUG] password999! / $2a$10$AiHq5sxq9WtQdMG.ZYnXnuQnDoA2rMIykve5gE8G71AMxPz6Z8tES
2023-06-07 09:22:52 [INFO] 일일맨 로그인 성공
2023-06-07 09:22:57 [INFO] projectNo : 1
2023-06-07 09:25:10 [INFO] 초기화 필터 생성
2023-06-07 09:25:27 [DEBUG] password999! / $2a$10$CiNTZlsApgkRetEkLwurE.pVVOKwIsjJ6WyELdoaaiP5QQTvGOD8i
2023-06-07 09:25:27 [INFO] 일일맨 로그인 성공
2023-06-07 09:25:30 [INFO] projectNo : 1
2023-06-07 09:26:26 [INFO] 초기화 필터 생성
2023-06-07 09:26:45 [DEBUG] password999! / $2a$10$eWo0MODVekFbP7KcrwjEHubT2RVkeZ52SgTuPnHZqX/I9/5Yl/cDy
2023-06-07 09:26:45 [INFO] 구구맨 로그인 성공
2023-06-07 09:26:49 [INFO] projectNo : 1
2023-06-07 09:26:49 [INFO] memberNo 999의 1번 프로젝트 안 PmNo : 1
2023-06-07 09:29:15 [INFO] 초기화 필터 생성
2023-06-07 09:29:27 [DEBUG] password999! / $2a$10$/jWZhXCXpR1RST5NFRAaNOONlKRa8LcH4apwtU1qGQTBCOz72MbjC
2023-06-07 09:29:27 [INFO] 일일맨 로그인 성공
2023-06-07 09:29:30 [INFO] projectNo : 1
2023-06-07 09:31:35 [INFO] projectNo : 1
2023-06-07 09:31:35 [INFO] memberNo 1의 1번 프로젝트 안 PmNo : 4
2023-06-07 09:31:38 [INFO] 로그아웃 수행됨
2023-06-07 09:31:39 [DEBUG] password999! / $2a$10$NKfWSvLU0BO5XXtfb0f1fe/KtC0UzrMOLfUyvzbu1SbU.6E/WFMXi
2023-06-07 09:31:39 [INFO] 일일맨 로그인 성공
2023-06-07 09:31:42 [INFO] projectNo : 1
2023-06-07 09:31:42 [INFO] memberNo 1의 1번 프로젝트 안 PmNo : 4
2023-06-07 09:34:25 [INFO] projectNo : 1
2023-06-07 09:34:25 [INFO] memberNo 1의 1번 프로젝트 안 PmNo : 4
2023-06-07 09:34:33 [INFO] projectNo : 1
2023-06-07 09:34:33 [INFO] memberNo 1의 1번 프로젝트 안 PmNo : 4
2023-06-07 09:38:25 [INFO] 초기화 필터 생성
2023-06-07 09:38:34 [DEBUG] password999! / $2a$10$YC1F35ustSFXGuKqFrFmVeVIiEd1UFa32lCF2GGV.y5WJ1ObK69Eq
2023-06-07 09:38:34 [INFO] 일일맨 로그인 성공
2023-06-07 09:38:37 [INFO] projectNo : 1
2023-06-07 09:38:37 [INFO] memberNo 1의 1번 프로젝트 안 PmNo : 4
2023-06-07 09:40:20 [INFO] projectNo : 1
2023-06-07 09:40:20 [INFO] memberNo 1의 1번 프로젝트 안 PmNo : 4
2023-06-07 09:41:15 [INFO] 초기화 필터 생성
2023-06-07 09:41:24 [DEBUG] password999! / $2a$10$xuvz2AswsHRj3qsTyw.ylOoIBCalecHCfluzh1llLhR7muVt1kmF.
2023-06-07 09:41:24 [INFO] 일일맨 로그인 성공
2023-06-07 09:41:46 [INFO] 초기화 필터 생성
2023-06-07 09:41:55 [DEBUG] password999! / $2a$10$2pmJuIWazvkTWXHGWZ03yOdU5aMa0Kv4bxSfF1v5y0PoU.e6ONUuW
2023-06-07 09:41:55 [INFO] 일일맨 로그인 성공
2023-06-07 09:42:00 [INFO] projectNo : 1
2023-06-07 09:42:00 [INFO] memberNo 1의 1번 프로젝트 안 PmNo : 4
2023-06-07 09:42:40 [INFO] 초기화 필터 생성
2023-06-07 09:42:52 [DEBUG] password999! / $2a$10$s4H9xwVLRBpXOu6vBmWt0O3UFUFn18G0oiIXphn8jWp5g5jqLJ.8m
2023-06-07 09:42:52 [INFO] 일일맨 로그인 성공
2023-06-07 09:42:55 [INFO] projectNo : 1
2023-06-07 09:42:55 [INFO] memberNo 1의 1번 프로젝트 안 PmNo : 4
2023-06-07 09:49:54 [INFO] 초기화 필터 생성
2023-06-07 09:50:04 [DEBUG] password999! / $2a$10$FGu/qVWTgNoUCdyQeSU7Zu0wVo5iXgXl0U6vVEnZM.La5qLiJNsoa
2023-06-07 09:50:04 [INFO] 일일맨 로그인 성공
2023-06-07 09:50:06 [INFO] projectNo : 1
2023-06-07 09:50:06 [INFO] memberNo 1의 1번 프로젝트 안 PmNo : 4
2023-06-07 09:51:31 [INFO] 초기화 필터 파괴
2023-06-07 09:57:37 [INFO] 초기화 필터 생성
2023-06-07 09:57:46 [DEBUG] password999! / $2a$10$LtUYdZTvQDDwaYiuDa6WAu.O99UOzWWwALuZ0kZ62SI2lv.xeBtza
2023-06-07 09:57:46 [INFO] 일일맨 로그인 성공
2023-06-07 09:57:48 [INFO] projectNo : 1
2023-06-07 09:57:48 [INFO] memberNo 1의 1번 프로젝트 안 PmNo : 4
2023-06-07 10:03:05 [INFO] 초기화 필터 생성
2023-06-07 10:03:19 [DEBUG] password999! / $2a$10$GHjzwLkVh/FWFM/dTINnZOvJAkJ1H37a5gvxZlIB7wbWeyV84ISkq
2023-06-07 10:03:19 [INFO] 일일맨 로그인 성공
2023-06-07 10:03:22 [INFO] projectNo : 1
2023-06-07 10:03:22 [INFO] memberNo 1의 1번 프로젝트 안 PmNo : 4
2023-06-07 10:04:20 [INFO] 초기화 필터 생성
2023-06-07 10:04:28 [DEBUG] password999! / $2a$10$oHoD4p8PX1Tus3n9Kxr/X.jXA2nivNvD3hzeMlHISC88D.97q227m
2023-06-07 10:04:29 [INFO] 일일맨 로그인 성공
2023-06-07 10:04:31 [INFO] projectNo : 1
2023-06-07 10:04:31 [INFO] memberNo 1의 1번 프로젝트 안 PmNo : 4
2023-06-07 10:04:55 [INFO] 초기화 필터 생성
2023-06-07 10:05:04 [DEBUG] password999! / $2a$10$zBc7l1c1.xtQmEwQW4VQ4egNqE0/x1NOeoUqY2YHhmlWcGBiG5X8C
2023-06-07 10:05:04 [INFO] 일일맨 로그인 성공
2023-06-07 10:05:06 [INFO] projectNo : 1
2023-06-07 10:05:06 [INFO] memberNo 1의 1번 프로젝트 안 PmNo : 4
2023-06-07 10:05:52 [DEBUG] password999! / $2a$10$6tJTs1Y2CPLfM4inhMNW2upFB621AmWBKdM1SeGwKiCxRo0rnW9oq
2023-06-07 10:05:52 [INFO] 일일맨 로그인 성공
2023-06-07 10:05:58 [INFO] projectNo : 1
2023-06-07 10:05:58 [INFO] memberNo 1의 1번 프로젝트 안 PmNo : 4
2023-06-07 10:06:12 [INFO] 초기화 필터 생성
2023-06-07 10:06:20 [DEBUG] password999! / $2a$10$B.sBXrBCfrf0JgihYh.DpepP2M3APjs8wOG/2zLDposy7/CPiAV42
2023-06-07 10:06:21 [INFO] 일일맨 로그인 성공
2023-06-07 10:06:24 [INFO] projectNo : 1
2023-06-07 10:06:24 [INFO] memberNo 1의 1번 프로젝트 안 PmNo : 4
2023-06-07 10:08:29 [INFO] 초기화 필터 생성
2023-06-07 10:08:38 [DEBUG] password999! / $2a$10$ZrFos3s9zml0LfwrsiWQZuj7aQ/44vPmANaAb8ZeKQAJZXIp3u.4K
2023-06-07 10:08:38 [INFO] 일일맨 로그인 성공
2023-06-07 10:08:41 [INFO] projectNo : 1
2023-06-07 10:08:41 [INFO] memberNo 1의 1번 프로젝트 안 PmNo : 4
2023-06-07 10:09:57 [INFO] 초기화 필터 생성
2023-06-07 10:10:07 [DEBUG] password999! / $2a$10$lLjino61ROh4RNacYGDcIuVIbw2qFiBesbkoFh/5fAV2dPEtZHIJm
2023-06-07 10:10:07 [INFO] 일일맨 로그인 성공
2023-06-07 10:10:10 [INFO] projectNo : 1
2023-06-07 10:10:10 [INFO] memberNo 1의 1번 프로젝트 안 PmNo : 4
2023-06-07 10:10:48 [INFO] 초기화 필터 생성
2023-06-07 10:10:57 [DEBUG] password999! / $2a$10$FgSFNb1rkEJht0FfoghuLeu5W5c80.6ghx4bDviH51zQYzV7m7dWW
2023-06-07 10:10:57 [INFO] 일일맨 로그인 성공
2023-06-07 10:10:59 [INFO] projectNo : 1
2023-06-07 10:10:59 [INFO] memberNo 1의 1번 프로젝트 안 PmNo : 4
2023-06-07 10:14:28 [INFO] 초기화 필터 생성
2023-06-07 10:14:36 [DEBUG] password999! / $2a$10$JwUU7CRRu/1cI8KqVg3kn.UNDzRqmlZxCbBSm2OL3G1o/FSbq.LEC
2023-06-07 10:14:36 [INFO] 일일맨 로그인 성공
2023-06-07 10:14:39 [INFO] projectNo : 1
2023-06-07 10:14:39 [INFO] memberNo 1의 1번 프로젝트 안 PmNo : 4
2023-06-07 10:17:35 [INFO] projectNo : 1
2023-06-07 10:17:35 [INFO] memberNo 1의 1번 프로젝트 안 PmNo : 4
2023-06-07 10:17:39 [INFO] 초기화 필터 파괴
2023-06-07 10:18:11 [INFO] 초기화 필터 생성
2023-06-07 10:18:19 [DEBUG] password999! / $2a$10$yrZgSu2yPUQ2HflHHQyfYuGtjpuVRL0AZ8FbP72pn4Q.8DAuLEBda
2023-06-07 10:18:19 [INFO] 일일맨 로그인 성공
2023-06-07 10:18:23 [INFO] projectNo : 1
2023-06-07 10:18:23 [INFO] memberNo 1의 1번 프로젝트 안 PmNo : 4
2023-06-07 10:18:41 [DEBUG] password999! / $2a$10$zxsiowZ0i94Rl.7tHaOQ1eh0BYujDSPpomksuPYQv3K2eWnNqjkum
2023-06-07 10:18:41 [INFO] 구구맨 로그인 성공
2023-06-07 10:18:43 [INFO] projectNo : 1
2023-06-07 10:18:43 [INFO] memberNo 999의 1번 프로젝트 안 PmNo : 1
2023-06-07 10:41:45 [INFO] 초기화 필터 파괴
2023-06-07 11:15:10 [INFO] 초기화 필터 생성
2023-06-07 11:15:39 [DEBUG] password999! / $2a$10$G.ebU6M2FlxgFS.Y9wSIlOUcgCNsCbXae8CifG/ci93MzxLZpCVH6
2023-06-07 11:15:39 [INFO] 일일맨 로그인 성공
2023-06-07 11:15:41 [INFO] projectNo : 1
2023-06-07 11:15:41 [INFO] memberNo 1의 1번 프로젝트 안 PmNo : 4
2023-06-07 11:15:56 [DEBUG] password999! / $2a$10$Uy8SOiXbRE5dXKcGb3phjuK/Bw2bp75qULNuEmP4hbyQH4.Nu84C2
2023-06-07 11:15:56 [INFO] 구구맨 로그인 성공
2023-06-07 11:15:58 [INFO] projectNo : 1
2023-06-07 11:15:58 [INFO] memberNo 999의 1번 프로젝트 안 PmNo : 1
2023-06-07 11:19:25 [DEBUG] password999! / $2a$10$hcIFDNX11RIbBgibZFr1VOVdYplCgvzYb6hcU/DiR4hGZcwFBP64W
2023-06-07 11:19:25 [INFO] 일일맨 로그인 성공
2023-06-07 11:19:43 [INFO] projectNo : 1
2023-06-07 11:19:43 [INFO] memberNo 1의 1번 프로젝트 안 PmNo : 4
2023-06-07 11:19:50 [INFO] projectNo : 1
2023-06-07 11:19:50 [INFO] memberNo 1의 1번 프로젝트 안 PmNo : 4
2023-06-07 11:19:54 [DEBUG] password999! / $2a$10$BcBvC6ijX9qPW0TuVNXsAOQqpEPDNpYpkyiAr7I7kUGejVLzQZn0q
2023-06-07 11:19:54 [INFO] 구구맨 로그인 성공
2023-06-07 11:19:57 [INFO] projectNo : 1
2023-06-07 11:19:57 [INFO] memberNo 999의 1번 프로젝트 안 PmNo : 1
2023-06-07 11:22:35 [INFO] 초기화 필터 파괴
2023-06-07 11:22:50 [INFO] 초기화 필터 생성
2023-06-07 11:23:01 [DEBUG] password999! / $2a$10$MrcgekZg9K8OcpeLaKgDCu1yqIMT/6JZOLr6uGNLeBaIXc9LNJS22
2023-06-07 11:23:01 [INFO] 일일맨 로그인 성공
2023-06-07 11:23:06 [INFO] projectNo : 1
2023-06-07 11:23:06 [INFO] memberNo 1의 1번 프로젝트 안 PmNo : 4
2023-06-07 11:24:38 [INFO] projectNo : 1
2023-06-07 11:24:38 [INFO] memberNo 1의 1번 프로젝트 안 PmNo : 4
2023-06-07 11:27:18 [INFO] projectNo : 1
2023-06-07 11:27:18 [INFO] memberNo 1의 1번 프로젝트 안 PmNo : 4
2023-06-07 11:34:07 [INFO] 초기화 필터 생성
2023-06-07 11:34:18 [DEBUG] password999! / $2a$10$Ux4CBelBaQR54Dvw36qg.elAfsmBE8LERa2LPzSgxSyOjhuy3nZoy
2023-06-07 11:34:19 [INFO] 일일맨 로그인 성공
2023-06-07 11:34:24 [INFO] projectNo : 1
2023-06-07 11:34:24 [INFO] memberNo 1의 1번 프로젝트 안 PmNo : 4
2023-06-07 11:38:42 [INFO] 초기화 필터 생성
2023-06-07 11:44:59 [INFO] 초기화 필터 파괴
2023-06-07 11:45:09 [INFO] 초기화 필터 생성
2023-06-07 11:45:19 [DEBUG] password999! / $2a$10$qndFQw8jD84YvQt3rcUAWOGKEW6PUYoM.3F/CAb2kpEtMazcVc4wi
2023-06-07 11:45:20 [INFO] 구구맨 로그인 성공
2023-06-07 11:45:24 [INFO] projectNo : 1
2023-06-07 11:45:24 [INFO] memberNo 999의 1번 프로젝트 안 PmNo : 1
2023-06-07 11:46:10 [INFO] projectNo : 1
2023-06-07 11:46:10 [INFO] memberNo 999의 1번 프로젝트 안 PmNo : 1
2023-06-07 11:46:14 [INFO] projectNo : 1
2023-06-07 11:46:14 [INFO] memberNo 999의 1번 프로젝트 안 PmNo : 1
2023-06-07 11:46:16 [INFO] projectNo : 1
2023-06-07 11:46:16 [INFO] memberNo 999의 1번 프로젝트 안 PmNo : 1
2023-06-07 11:46:18 [INFO] projectNo : 1
2023-06-07 11:46:18 [INFO] memberNo 999의 1번 프로젝트 안 PmNo : 1
2023-06-07 11:46:23 [INFO] projectNo : 1
2023-06-07 11:46:23 [INFO] memberNo 999의 1번 프로젝트 안 PmNo : 1
2023-06-07 11:46:30 [INFO] projectNo : 1
2023-06-07 11:46:30 [INFO] memberNo 999의 1번 프로젝트 안 PmNo : 1
2023-06-07 11:46:33 [INFO] projectNo : 1
2023-06-07 11:46:33 [INFO] memberNo 999의 1번 프로젝트 안 PmNo : 1
2023-06-07 11:46:36 [INFO] projectNo : 1
2023-06-07 11:46:36 [INFO] memberNo 999의 1번 프로젝트 안 PmNo : 1
2023-06-07 11:46:37 [INFO] projectNo : 1
2023-06-07 11:46:37 [INFO] memberNo 999의 1번 프로젝트 안 PmNo : 1
2023-06-07 11:46:39 [INFO] projectNo : 1
2023-06-07 11:46:39 [INFO] memberNo 999의 1번 프로젝트 안 PmNo : 1
2023-06-07 11:46:41 [INFO] projectNo : 1
2023-06-07 11:46:41 [INFO] memberNo 999의 1번 프로젝트 안 PmNo : 1
2023-06-07 11:46:43 [INFO] projectNo : 1
2023-06-07 11:46:43 [INFO] memberNo 999의 1번 프로젝트 안 PmNo : 1
2023-06-07 11:46:44 [INFO] projectNo : 1
2023-06-07 11:46:44 [INFO] memberNo 999의 1번 프로젝트 안 PmNo : 1
2023-06-07 11:48:09 [INFO] 초기화 필터 파괴
2023-06-07 11:48:25 [INFO] 초기화 필터 생성
2023-06-07 11:48:33 [DEBUG] password999! / $2a$10$4b.26x5S4zZvMHUQsmDqQeMc8eOrXXzmkapQDCDqwGQR4USWvZ1V2
2023-06-07 11:48:34 [INFO] 일일맨 로그인 성공
2023-06-07 11:48:37 [INFO] projectNo : 1
2023-06-07 11:48:37 [INFO] memberNo 1의 1번 프로젝트 안 PmNo : 4
2023-06-07 11:48:40 [INFO] projectNo : 1
2023-06-07 11:48:40 [INFO] memberNo 1의 1번 프로젝트 안 PmNo : 4
2023-06-07 11:48:42 [INFO] projectNo : 1
2023-06-07 11:48:42 [INFO] memberNo 1의 1번 프로젝트 안 PmNo : 4
2023-06-07 11:48:43 [INFO] projectNo : 1
2023-06-07 11:48:43 [INFO] memberNo 1의 1번 프로젝트 안 PmNo : 4
2023-06-07 11:49:24 [INFO] projectNo : 1
2023-06-07 11:49:24 [INFO] memberNo 1의 1번 프로젝트 안 PmNo : 4
2023-06-07 11:49:26 [INFO] projectNo : 1
2023-06-07 11:49:26 [INFO] memberNo 1의 1번 프로젝트 안 PmNo : 4
2023-06-07 11:49:28 [INFO] projectNo : 1
2023-06-07 11:49:28 [INFO] memberNo 1의 1번 프로젝트 안 PmNo : 4
2023-06-07 11:49:29 [INFO] projectNo : 1
2023-06-07 11:49:29 [INFO] memberNo 1의 1번 프로젝트 안 PmNo : 4
2023-06-07 11:49:31 [INFO] projectNo : 1
2023-06-07 11:49:31 [INFO] memberNo 1의 1번 프로젝트 안 PmNo : 4
2023-06-07 12:14:57 [INFO] projectNo : 1
2023-06-07 12:14:57 [INFO] memberNo 1의 1번 프로젝트 안 PmNo : 4
2023-06-07 12:15:01 [INFO] projectNo : 1
2023-06-07 12:15:01 [INFO] memberNo 1의 1번 프로젝트 안 PmNo : 4
2023-06-07 12:15:03 [INFO] projectNo : 1
2023-06-07 12:15:03 [INFO] memberNo 1의 1번 프로젝트 안 PmNo : 4
2023-06-07 12:15:08 [DEBUG] password999! / $2a$10$aKbBAeH7kNru4SKYKEf0XunOIWfvFf55mE6CbQDMopEEYiDo5q2D2
2023-06-07 12:15:08 [INFO] 일일맨 로그인 성공
2023-06-07 12:15:11 [INFO] projectNo : 1
2023-06-07 12:15:11 [INFO] memberNo 1의 1번 프로젝트 안 PmNo : 4
2023-06-07 12:15:13 [INFO] projectNo : 1
2023-06-07 12:15:13 [INFO] memberNo 1의 1번 프로젝트 안 PmNo : 4
2023-06-07 12:15:15 [INFO] 로그아웃 수행됨
2023-06-07 12:15:16 [DEBUG] password999! / $2a$10$ZpxdRmFZenOJ2zXdd42EdOWzSXgZJwR/5RJQezKkoH5q7xs9VeE0.
2023-06-07 12:15:16 [INFO] 구구맨 로그인 성공
2023-06-07 12:15:18 [INFO] projectNo : 1
2023-06-07 12:15:18 [INFO] memberNo 999의 1번 프로젝트 안 PmNo : 1
2023-06-07 12:24:34 [INFO] 초기화 필터 파괴
2023-06-07 12:25:49 [INFO] 초기화 필터 생성
2023-06-07 12:25:57 [DEBUG] password999! / $2a$10$zJyzLnAi.MK8eMEN9ITHmOfxesHdhijlaV.b/QjU38GAFzCbQ7G.6
2023-06-07 12:25:57 [INFO] 일일맨 로그인 성공
2023-06-07 12:26:00 [INFO] projectNo : 1
2023-06-07 12:26:00 [INFO] memberNo 1의 1번 프로젝트 안 PmNo : 4
2023-06-07 12:30:17 [INFO] projectNo : 1
2023-06-07 12:30:17 [INFO] memberNo 1의 1번 프로젝트 안 PmNo : 4
2023-06-07 12:30:19 [INFO] projectNo : 1
2023-06-07 12:30:19 [INFO] memberNo 1의 1번 프로젝트 안 PmNo : 4
2023-06-07 13:48:38 [INFO] 초기화 필터 생성
2023-06-07 13:48:50 [DEBUG] password999! / $2a$10$.D96kIwDEuz/qiEhZpKC5.ZxQMrj7GnMu39rfG6ZTxQTW9bQeAWPC
2023-06-07 13:48:50 [INFO] 일일맨 로그인 성공
2023-06-07 13:48:52 [INFO] projectNo : 1
2023-06-07 13:48:52 [INFO] memberNo 1의 1번 프로젝트 안 PmNo : 4
2023-06-07 13:59:31 [INFO] 초기화 필터 파괴
